# JRE version: OpenJDK Runtime Environment (11.0.15) (build 11.0.15+0-b2043.56-8887301)
# Java VM: OpenJDK 64-Bit Server VM (11.0.15+0-b2043.56-8887301, mixed mode, tiered, compressed oops, g1 gc, windows-amd64)
Heap:
 garbage-first heap   total 345088K, used 135996K [0x0000000080000000, 0x0000000100000000)
  region size 1024K, 36 young (36864K), 5 survivors (5120K)
 Metaspace       used 105124K, capacity 107865K, committed 107980K, reserved 1142784K
  class space    used 13385K, capacity 14425K, committed 14464K, reserved 1048576K
GC Heap History (20 events):
Event: 98.079 GC heap before
{Heap before GC invocations=71 (full 0):
 garbage-first heap   total 165888K, used 115727K [0x0000000080000000, 0x0000000100000000)
  region size 1024K, 57 young (58368K), 4 survivors (4096K)
 Metaspace       used 69130K, capacity 70872K, committed 71088K, reserved 1112064K
  class space    used 8728K, capacity 9413K, committed 9472K, reserved 1048576K
}
Event: 98.125 GC heap after
{Heap after GC invocations=72 (full 0):
 garbage-first heap   total 165888K, used 64878K [0x0000000080000000, 0x0000000100000000)
  region size 1024K, 7 young (7168K), 7 survivors (7168K)
 Metaspace       used 69130K, capacity 70872K, committed 71088K, reserved 1112064K
  class space    used 8728K, capacity 9413K, committed 9472K, reserved 1048576K
}
Event: 103.348 GC heap before
{Heap before GC invocations=72 (full 0):
 garbage-first heap   total 165888K, used 122222K [0x0000000080000000, 0x0000000100000000)
  region size 1024K, 63 young (64512K), 7 survivors (7168K)
 Metaspace       used 75157K, capacity 76970K, committed 77232K, reserved 1116160K
  class space    used 9719K, capacity 10428K, committed 10496K, reserved 1048576K
}
Event: 103.408 GC heap after
{Heap after GC invocations=73 (full 0):
 garbage-first heap   total 230400K, used 68282K [0x0000000080000000, 0x0000000100000000)
  region size 1024K, 8 young (8192K), 8 survivors (8192K)
 Metaspace       used 75157K, capacity 76970K, committed 77232K, reserved 1116160K
  class space    used 9719K, capacity 10428K, committed 10496K, reserved 1048576K
}
Event: 109.849 GC heap before
{Heap before GC invocations=73 (full 0):
 garbage-first heap   total 230400K, used 143034K [0x0000000080000000, 0x0000000100000000)
  region size 1024K, 81 young (82944K), 8 survivors (8192K)
 Metaspace       used 82758K, capacity 84764K, committed 85040K, reserved 1122304K
  class space    used 10787K, capacity 11569K, committed 11648K, reserved 1048576K
}
Event: 110.011 GC heap after
{Heap after GC invocations=74 (full 0):
 garbage-first heap   total 230400K, used 73186K [0x0000000080000000, 0x0000000100000000)
  region size 1024K, 8 young (8192K), 8 survivors (8192K)
 Metaspace       used 82758K, capacity 84764K, committed 85040K, reserved 1122304K
  class space    used 10787K, capacity 11569K, committed 11648K, reserved 1048576K
}
Event: 115.313 GC heap before
{Heap before GC invocations=74 (full 0):
 garbage-first heap   total 230400K, used 172514K [0x0000000080000000, 0x0000000100000000)
  region size 1024K, 105 young (107520K), 8 survivors (8192K)
 Metaspace       used 85664K, capacity 87904K, committed 88112K, reserved 1126400K
  class space    used 11210K, capacity 12069K, committed 12160K, reserved 1048576K
}
Event: 115.462 GC heap after
{Heap after GC invocations=75 (full 0):
 garbage-first heap   total 230400K, used 83968K [0x0000000080000000, 0x0000000100000000)
  region size 1024K, 14 young (14336K), 14 survivors (14336K)
 Metaspace       used 85664K, capacity 87904K, committed 88112K, reserved 1126400K
  class space    used 11210K, capacity 12069K, committed 12160K, reserved 1048576K
}
Event: 122.681 GC heap before
{Heap before GC invocations=75 (full 0):
 garbage-first heap   total 230400K, used 176128K [0x0000000080000000, 0x0000000100000000)
  region size 1024K, 103 young (105472K), 14 survivors (14336K)
 Metaspace       used 90365K, capacity 92771K, committed 92976K, reserved 1130496K
  class space    used 11737K, capacity 12657K, committed 12672K, reserved 1048576K
}
Event: 122.940 GC heap after
{Heap after GC invocations=76 (full 0):
 garbage-first heap   total 230400K, used 97193K [0x0000000080000000, 0x0000000100000000)
  region size 1024K, 13 young (13312K), 13 survivors (13312K)
 Metaspace       used 90365K, capacity 92771K, committed 92976K, reserved 1130496K
  class space    used 11737K, capacity 12657K, committed 12672K, reserved 1048576K
}
Event: 133.692 GC heap before
{Heap before GC invocations=76 (full 0):
 garbage-first heap   total 230400K, used 189353K [0x0000000080000000, 0x0000000100000000)
  region size 1024K, 87 young (89088K), 13 survivors (13312K)
 Metaspace       used 94557K, capacity 97099K, committed 97328K, reserved 1134592K
  class space    used 12167K, capacity 13182K, committed 13184K, reserved 1048576K
}
Event: 133.838 GC heap after
{Heap after GC invocations=77 (full 0):
 garbage-first heap   total 345088K, used 93696K [0x0000000080000000, 0x0000000100000000)
  region size 1024K, 4 young (4096K), 4 survivors (4096K)
 Metaspace       used 94557K, capacity 97099K, committed 97328K, reserved 1134592K
  class space    used 12167K, capacity 13182K, committed 13184K, reserved 1048576K
}
Event: 139.300 GC heap before
{Heap before GC invocations=77 (full 0):
 garbage-first heap   total 345088K, used 136704K [0x0000000080000000, 0x0000000100000000)
  region size 1024K, 48 young (49152K), 4 survivors (4096K)
 Metaspace       used 97680K, capacity 100278K, committed 100528K, reserved 1136640K
  class space    used 12560K, capacity 13552K, committed 13568K, reserved 1048576K
}
Event: 139.366 GC heap after
{Heap after GC invocations=78 (full 0):
 garbage-first heap   total 345088K, used 92851K [0x0000000080000000, 0x0000000100000000)
  region size 1024K, 3 young (3072K), 3 survivors (3072K)
 Metaspace       used 97680K, capacity 100278K, committed 100528K, reserved 1136640K
  class space    used 12560K, capacity 13552K, committed 13568K, reserved 1048576K
}
Event: 157.325 GC heap before
{Heap before GC invocations=79 (full 0):
 garbage-first heap   total 345088K, used 212659K [0x0000000080000000, 0x0000000100000000)
  region size 1024K, 120 young (122880K), 3 survivors (3072K)
 Metaspace       used 100776K, capacity 103424K, committed 103628K, reserved 1138688K
  class space    used 12868K, capacity 13870K, committed 13952K, reserved 1048576K
}
Event: 157.796 GC heap after
{Heap after GC invocations=80 (full 0):
 garbage-first heap   total 345088K, used 102121K [0x0000000080000000, 0x0000000100000000)
  region size 1024K, 12 young (12288K), 12 survivors (12288K)
 Metaspace       used 100776K, capacity 103424K, committed 103628K, reserved 1138688K
  class space    used 12868K, capacity 13870K, committed 13952K, reserved 1048576K
}
Event: 160.081 GC heap before
{Heap before GC invocations=81 (full 0):
 garbage-first heap   total 345088K, used 128745K [0x0000000080000000, 0x0000000100000000)
  region size 1024K, 39 young (39936K), 12 survivors (12288K)
 Metaspace       used 101043K, capacity 103660K, committed 103884K, reserved 1138688K
  class space    used 12887K, capacity 13904K, committed 13952K, reserved 1048576K
}
Event: 160.220 GC heap after
{Heap after GC invocations=82 (full 0):
 garbage-first heap   total 345088K, used 103615K [0x0000000080000000, 0x0000000100000000)
  region size 1024K, 3 young (3072K), 3 survivors (3072K)
 Metaspace       used 101043K, capacity 103660K, committed 103884K, reserved 1138688K
  class space    used 12887K, capacity 13904K, committed 13952K, reserved 1048576K
}
Event: 163.190 GC heap before
{Heap before GC invocations=82 (full 0):
 garbage-first heap   total 345088K, used 140479K [0x0000000080000000, 0x0000000100000000)
  region size 1024K, 40 young (40960K), 3 survivors (3072K)
 Metaspace       used 103225K, capacity 105948K, committed 106188K, reserved 1140736K
  class space    used 13127K, capacity 14197K, committed 14208K, reserved 1048576K
}
Event: 163.237 GC heap after
{Heap after GC invocations=83 (full 0):
 garbage-first heap   total 345088K, used 105276K [0x0000000080000000, 0x0000000100000000)
  region size 1024K, 5 young (5120K), 5 survivors (5120K)
 Metaspace       used 103225K, capacity 105948K, committed 106188K, reserved 1140736K
  class space    used 13127K, capacity 14197K, committed 14208K, reserved 1048576K
}

